<?xml version="1.0" encoding="UTF-8"?>
<!-- Generated by org.testng.reporters.JUnitXMLReporter -->
<testsuite hostname="WIN-NFDCINOH1RK" ignored="0" name="Default test" tests="3" failures="0" timestamp="2020-02-12T05:39:54 UTC" time="0.094" errors="0">
  <testcase name="registration" time="0.012" classname="hdc2demos.Feb6_1"/>
  <testcase name="login" time="0.001" classname="hdc2demos.Feb6_1"/>
  <testcase name="logout" time="0.001" classname="hdc2demos.Feb6_1"/>
</testsuite> <!-- Default test -->
