<?xml version="1.0" encoding="UTF-8"?>
<testng-results skipped="0" failed="0" ignored="0" total="3" passed="3">
  <reporter-output>
  </reporter-output>
  <suite name="Default suite" duration-ms="94" started-at="2020-02-12T05:39:54 UTC" finished-at="2020-02-12T05:39:54 UTC">
    <groups>
    </groups>
    <test name="Default test" duration-ms="94" started-at="2020-02-12T05:39:54 UTC" finished-at="2020-02-12T05:39:54 UTC">
      <class name="hdc2demos.Feb6_1">
        <test-method status="PASS" signature="registration()[pri:1, instance:hdc2demos.Feb6_1@1dfe2924]" name="registration" duration-ms="12" started-at="2020-02-12T05:39:54 UTC" finished-at="2020-02-12T05:39:54 UTC">
          <reporter-output>
          </reporter-output>
        </test-method> <!-- registration -->
        <test-method status="PASS" signature="login()[pri:2, instance:hdc2demos.Feb6_1@1dfe2924]" name="login" duration-ms="1" started-at="2020-02-12T05:39:54 UTC" finished-at="2020-02-12T05:39:54 UTC">
          <reporter-output>
          </reporter-output>
        </test-method> <!-- login -->
        <test-method status="PASS" signature="logout()[pri:3, instance:hdc2demos.Feb6_1@1dfe2924]" name="logout" duration-ms="1" started-at="2020-02-12T05:39:54 UTC" finished-at="2020-02-12T05:39:54 UTC">
          <reporter-output>
          </reporter-output>
        </test-method> <!-- logout -->
      </class> <!-- hdc2demos.Feb6_1 -->
    </test> <!-- Default test -->
  </suite> <!-- Default suite -->
</testng-results>
